Using pre-set license
Built from '2021.3/staging' branch; Version is '2021.3.29f1 (204d6dc9ae1c) revision 2116973'; Using compiler version '192829333'; Build Type 'Release'
OS: 'Windows 11  (10.0.22631) 64bit Enterprise' Language: 'en' Physical Memory: 32590 MB
BatchMode: 1, IsHumanControllingUs: 0, StartBugReporterOnCrash: 0, Is64bit: 1, IsPro: 1

COMMAND LINE ARGUMENTS:
C:\Program Files\Unity\Hub\Editor\2021.3.29f1\Editor\Unity.exe
-adb2
-batchMode
-noUpm
-name
AssetImportWorker2
-projectPath
D:/JoanF/Lab1/Microgame
-logFile
Logs/AssetImportWorker2.log
-srvPort
58777
Successfully changed project path to: D:/JoanF/Lab1/Microgame
D:/JoanF/Lab1/Microgame
[UnityMemory] Configuration Parameters - Can be set up in boot.config
    "memorysetup-bucket-allocator-granularity=16"
    "memorysetup-bucket-allocator-bucket-count=8"
    "memorysetup-bucket-allocator-block-size=33554432"
    "memorysetup-bucket-allocator-block-count=8"
    "memorysetup-main-allocator-block-size=16777216"
    "memorysetup-thread-allocator-block-size=16777216"
    "memorysetup-gfx-main-allocator-block-size=16777216"
    "memorysetup-gfx-thread-allocator-block-size=16777216"
    "memorysetup-cache-allocator-block-size=4194304"
    "memorysetup-typetree-allocator-block-size=2097152"
    "memorysetup-profiler-bucket-allocator-granularity=16"
    "memorysetup-profiler-bucket-allocator-bucket-count=8"
    "memorysetup-profiler-bucket-allocator-block-size=33554432"
    "memorysetup-profiler-bucket-allocator-block-count=8"
    "memorysetup-profiler-allocator-block-size=16777216"
    "memorysetup-profiler-editor-allocator-block-size=1048576"
    "memorysetup-temp-allocator-size-main=16777216"
    "memorysetup-job-temp-allocator-block-size=2097152"
    "memorysetup-job-temp-allocator-block-size-background=1048576"
    "memorysetup-job-temp-allocator-reduction-small-platforms=262144"
    "memorysetup-temp-allocator-size-background-worker=32768"
    "memorysetup-temp-allocator-size-job-worker=262144"
    "memorysetup-temp-allocator-size-preload-manager=33554432"
    "memorysetup-temp-allocator-size-nav-mesh-worker=65536"
    "memorysetup-temp-allocator-size-audio-worker=65536"
    "memorysetup-temp-allocator-size-cloud-worker=32768"
    "memorysetup-temp-allocator-size-gi-baking-worker=262144"
    "memorysetup-temp-allocator-size-gfx=262144"
Player connection [26612] Host "[IP] 128.206.19.61 [Port] 0 [Flags] 2 [Guid] 868072963 [EditorId] 868072963 [Version] 1048832 [Id] WindowsEditor(7,CENGR-W0010-19) [Debug] 1 [PackageName] WindowsEditor [ProjectName] Editor" joined multi-casting on [225.0.0.222:54997]...

Player connection [26612] Host "[IP] 128.206.19.61 [Port] 0 [Flags] 2 [Guid] 868072963 [EditorId] 868072963 [Version] 1048832 [Id] WindowsEditor(7,CENGR-W0010-19) [Debug] 1 [PackageName] WindowsEditor [ProjectName] Editor" joined alternative multi-casting on [225.0.0.222:34997]...

Refreshing native plugins compatible for Editor in 130.31 ms, found 3 plugins.
Preloading 0 native plugins for Editor in 0.00 ms.
Initialize engine version: 2021.3.29f1 (204d6dc9ae1c)
[Subsystems] Discovering subsystems at path C:/Program Files/Unity/Hub/Editor/2021.3.29f1/Editor/Data/Resources/UnitySubsystems
[Subsystems] Discovering subsystems at path D:/JoanF/Lab1/Microgame/Assets
GfxDevice: creating device client; threaded=0; jobified=0
Direct3D:
    Version:  Direct3D 11.0 [level 11.1]
    Renderer: NVIDIA GeForce RTX 2080 Ti (ID=0x1e07)
    Vendor:   NVIDIA
    VRAM:     11049 MB
    Driver:   30.0.15.1213
Initialize mono
Mono path[0] = 'C:/Program Files/Unity/Hub/Editor/2021.3.29f1/Editor/Data/Managed'
Mono path[1] = 'C:/Program Files/Unity/Hub/Editor/2021.3.29f1/Editor/Data/MonoBleedingEdge/lib/mono/unityjit-win32'
Mono config path = 'C:/Program Files/Unity/Hub/Editor/2021.3.29f1/Editor/Data/MonoBleedingEdge/etc'
Using monoOptions --debugger-agent=transport=dt_socket,embedding=1,server=y,suspend=n,address=127.0.0.1:56364
Begin MonoManager ReloadAssembly
Registering precompiled unity dll's ...
Register platform support module: C:/Program Files/Unity/Hub/Editor/2021.3.29f1/Editor/Data/PlaybackEngines/WebGLSupport/UnityEditor.WebGL.Extensions.dll
Register platform support module: C:/Program Files/Unity/Hub/Editor/2021.3.29f1/Editor/Data/PlaybackEngines/WindowsStandaloneSupport/UnityEditor.WindowsStandalone.Extensions.dll
Registered in 0.004922 seconds.
Native extension for WindowsStandalone target not found
Native extension for WebGL target not found
Refreshing native plugins compatible for Editor in 116.81 ms, found 3 plugins.
Preloading 0 native plugins for Editor in 0.00 ms.
Mono: successfully reloaded assembly
- Completed reload, in  0.734 seconds
Domain Reload Profiling:
	ReloadAssembly (734ms)
		BeginReloadAssembly (89ms)
			ExecutionOrderSort (0ms)
			DisableScriptedObjects (0ms)
			BackupInstance (0ms)
			ReleaseScriptingObjects (0ms)
			CreateAndSetChildDomain (1ms)
		EndReloadAssembly (547ms)
			LoadAssemblies (87ms)
			RebuildTransferFunctionScriptingTraits (0ms)
			SetupTypeCache (118ms)
			ReleaseScriptCaches (0ms)
			RebuildScriptCaches (32ms)
			SetupLoadedEditorAssemblies (343ms)
				LogAssemblyErrors (0ms)
				InitializePlatformSupportModulesInManaged (10ms)
				SetLoadedEditorAssemblies (0ms)
				RefreshPlugins (117ms)
				BeforeProcessingInitializeOnLoad (1ms)
				ProcessInitializeOnLoadAttributes (156ms)
				ProcessInitializeOnLoadMethodAttributes (58ms)
				AfterProcessingInitializeOnLoad (0ms)
				EditorAssembliesLoaded (0ms)
			ExecutionOrderSort2 (0ms)
			AwakeInstancesAfterBackupRestoration (0ms)
Platform modules already initialized, skipping
Registering precompiled user dll's ...
Registered in 0.004938 seconds.
Begin MonoManager ReloadAssembly
Symbol file LoadedFromMemory doesn't match image D:\JoanF\Lab1\Microgame\Library\PackageCache\com.unity.visualscripting@1.8.0\Editor\VisualScripting.Core\Dependencies\YamlDotNet\Unity.VisualScripting.YamlDotNet.dll
Symbol file LoadedFromMemory doesn't match image D:\JoanF\Lab1\Microgame\Library\PackageCache\com.unity.visualscripting@1.8.0\Editor\VisualScripting.Core\Dependencies\DotNetZip\Unity.VisualScripting.IonicZip.dll
Native extension for WindowsStandalone target not found
Native extension for WebGL target not found
Refreshing native plugins compatible for Editor in 120.13 ms, found 3 plugins.
Preloading 0 native plugins for Editor in 0.00 ms.
Mono: successfully reloaded assembly
- Completed reload, in  1.361 seconds
Domain Reload Profiling:
	ReloadAssembly (1362ms)
		BeginReloadAssembly (130ms)
			ExecutionOrderSort (0ms)
			DisableScriptedObjects (7ms)
			BackupInstance (0ms)
			ReleaseScriptingObjects (0ms)
			CreateAndSetChildDomain (22ms)
		EndReloadAssembly (1125ms)
			LoadAssemblies (101ms)
			RebuildTransferFunctionScriptingTraits (0ms)
			SetupTypeCache (336ms)
			ReleaseScriptCaches (1ms)
			RebuildScriptCaches (67ms)
			SetupLoadedEditorAssemblies (583ms)
				LogAssemblyErrors (0ms)
				InitializePlatformSupportModulesInManaged (5ms)
				SetLoadedEditorAssemblies (0ms)
				RefreshPlugins (120ms)
				BeforeProcessingInitializeOnLoad (117ms)
				ProcessInitializeOnLoadAttributes (255ms)
				ProcessInitializeOnLoadMethodAttributes (76ms)
				AfterProcessingInitializeOnLoad (8ms)
				EditorAssembliesLoaded (0ms)
			ExecutionOrderSort2 (0ms)
			AwakeInstancesAfterBackupRestoration (7ms)
Platform modules already initialized, skipping
========================================================================
Worker process is ready to serve import requests
Launched and connected shader compiler UnityShaderCompiler.exe after 0.04 seconds
Refreshing native plugins compatible for Editor in 1.82 ms, found 3 plugins.
Preloading 0 native plugins for Editor in 0.00 ms.
Unloading 5511 Unused Serialized files (Serialized files now loaded: 0)
Unloading 34 unused Assets / (0.8 MB). Loaded Objects now: 5969.
Memory consumption went from 222.3 MB to 221.5 MB.
Total: 5.345700 ms (FindLiveObjects: 0.562000 ms CreateObjectMapping: 0.513900 ms MarkObjects: 3.756300 ms  DeleteObjects: 0.512200 ms)

AssetImportParameters requested are different than current active one (requested -> active):
  custom:video-decoder-ogg-theora: a1e56fd34408186e4bbccfd4996cb3dc -> 
  custom:container-muxer-webm: aa71ff27fc2769a1b78a27578f13a17b -> 
  custom:container-demuxer-webm: 4f35f7cbe854078d1ac9338744f61a02 -> 
  custom:video-encoder-webm-vp8: eb34c28f22e8b96e1ab97ce403110664 -> 
  custom:video-codec-MediaFoundation-h265: 746d11721c4dcdbdad8f713fa42b33f4 -> 
  custom:CustomObjectIndexerAttribute: 6b0e35c9178b02a6363f3721b7b8e397 -> 
  custom:audio-encoder-webm-vorbis: bf7c407c2cedff20999df2af8eb42d56 -> 
  custom:framework-win-MediaFoundation: 216162199b28c13a410421893ffa2e32 -> 
  custom:container-demuxer-ogg: 62fdf1f143b41e24485cea50d1cbac27 -> 
  custom:video-decoder-webm-vp8: 9c59270c3fd7afecdb556c50c9e8de78 -> 
  custom:audio-decoder-ogg-vorbis: bf7c407c2cedff20999df2af8eb42d56 -> 
========================================================================
Received Import Request.
  Time since last request: 428751.523447 seconds.
  path: Assets/ModAssets/Models/AncientProps/Archway.fbx
  artifactKey: Guid(8845e58e723a048699e6cf81997a1af0) Importer(815301076,1909f56bfc062723c751e8b465ee728b)
Start importing Assets/ModAssets/Models/AncientProps/Archway.fbx using Guid(8845e58e723a048699e6cf81997a1af0) Importer(815301076,1909f56bfc062723c751e8b465ee728b)  -> (artifact id: '9fdcda4e08dc2472070f59de1c46103a') in 0.169297 seconds 
========================================================================
Received Import Request.
  Time since last request: 0.000044 seconds.
  path: Packages/com.unity.searcher/Editor/Resources/FlatSkin/Font/Roboto-Thin.ttf
  artifactKey: Guid(19a9abb883540be48b75b951a927ae03) Importer(815301076,1909f56bfc062723c751e8b465ee728b)
Start importing Packages/com.unity.searcher/Editor/Resources/FlatSkin/Font/Roboto-Thin.ttf using Guid(19a9abb883540be48b75b951a927ae03) Importer(815301076,1909f56bfc062723c751e8b465ee728b)  -> (artifact id: '01765d78099afc698e2c521283fbd687') in 0.033756 seconds 
========================================================================
Received Import Request.
  Time since last request: 0.000060 seconds.
  path: Assets/ModAssets/Models/HatMeshes/WizardHatMesh.fbx
  artifactKey: Guid(41fa7087e84034b719aeb52d1260a81b) Importer(815301076,1909f56bfc062723c751e8b465ee728b)
Start importing Assets/ModAssets/Models/HatMeshes/WizardHatMesh.fbx using Guid(41fa7087e84034b719aeb52d1260a81b) Importer(815301076,1909f56bfc062723c751e8b465ee728b)  -> (artifact id: '5520b159bafafc30e2a3f66f2c832ab0') in 0.012614 seconds 
========================================================================
Received Import Request.
  Time since last request: 0.000022 seconds.
  path: Packages/com.unity.searcher/Editor/Resources/FlatSkin/Font/Roboto-MediumItalic.ttf
  artifactKey: Guid(d93c1bc57fdf1ac4dad1bf04fac05464) Importer(815301076,1909f56bfc062723c751e8b465ee728b)
Start importing Packages/com.unity.searcher/Editor/Resources/FlatSkin/Font/Roboto-MediumItalic.ttf using Guid(d93c1bc57fdf1ac4dad1bf04fac05464) Importer(815301076,1909f56bfc062723c751e8b465ee728b)  -> (artifact id: '3e8bed5845b9949e99feafdde705328d') in 0.018610 seconds 
========================================================================
Received Import Request.
  Time since last request: 0.000021 seconds.
  path: Assets/FPS/Art/Materials/Level/Floor_Grey.mat
  artifactKey: Guid(993b4056d6b0f8441bc26fe63f4babd5) Importer(815301076,1909f56bfc062723c751e8b465ee728b)
Start importing Assets/FPS/Art/Materials/Level/Floor_Grey.mat using Guid(993b4056d6b0f8441bc26fe63f4babd5) Importer(815301076,1909f56bfc062723c751e8b465ee728b)  -> (artifact id: '7ff70e30df4401c04e12f0bc4747eabf') in 0.012645 seconds 
========================================================================
Received Import Request.
  Time since last request: 0.000017 seconds.
  path: Assets/ModAssets/Materials/Custom Materials/Glass Dark.mat
  artifactKey: Guid(73d3b987427b7456eb9fced2cf259a38) Importer(815301076,1909f56bfc062723c751e8b465ee728b)
Start importing Assets/ModAssets/Materials/Custom Materials/Glass Dark.mat using Guid(73d3b987427b7456eb9fced2cf259a38) Importer(815301076,1909f56bfc062723c751e8b465ee728b)  -> (artifact id: '114914b6e9b94f97801a259abbcf3a87') in 0.011215 seconds 
========================================================================
Received Import Request.
  Time since last request: 0.000021 seconds.
  path: Assets/FPS/Art/Materials/Weapons/Gun.mat
  artifactKey: Guid(17a7e49545726f94f9d0b396b9b6d60b) Importer(815301076,1909f56bfc062723c751e8b465ee728b)
Start importing Assets/FPS/Art/Materials/Weapons/Gun.mat using Guid(17a7e49545726f94f9d0b396b9b6d60b) Importer(815301076,1909f56bfc062723c751e8b465ee728b)  -> (artifact id: 'baa69063953bbe211cd1ee217fa09abc') in 0.010818 seconds 
========================================================================
Received Import Request.
  Time since last request: 0.000021 seconds.
  path: Assets/FPS/Art/Materials/VFX/DiskExplosionRange.mat
  artifactKey: Guid(4f2fb46f738b103429ec2625eeb40639) Importer(815301076,1909f56bfc062723c751e8b465ee728b)
Start importing Assets/FPS/Art/Materials/VFX/DiskExplosionRange.mat using Guid(4f2fb46f738b103429ec2625eeb40639) Importer(815301076,1909f56bfc062723c751e8b465ee728b)  -> (artifact id: '83507ea68333091828463879bba3ea5f') in 0.012462 seconds 
========================================================================
Received Import Request.
  Time since last request: 0.000020 seconds.
  path: Packages/com.unity.probuilder/Content/Material/Checker.mat
  artifactKey: Guid(4717b199010ca4cb3a8a7a465ec457d2) Importer(815301076,1909f56bfc062723c751e8b465ee728b)
Start importing Packages/com.unity.probuilder/Content/Material/Checker.mat using Guid(4717b199010ca4cb3a8a7a465ec457d2) Importer(815301076,1909f56bfc062723c751e8b465ee728b)  -> (artifact id: 'de6ba75ee2f71fb0ca0d5e8e34710362') in 0.009222 seconds 
========================================================================
Received Import Request.
  Time since last request: 0.000041 seconds.
  path: Assets/ModAssets/Models/FoodProps/Donut.fbx
  artifactKey: Guid(b121577100373491d839adcc51d30452) Importer(815301076,1909f56bfc062723c751e8b465ee728b)
Start importing Assets/ModAssets/Models/FoodProps/Donut.fbx using Guid(b121577100373491d839adcc51d30452) Importer(815301076,1909f56bfc062723c751e8b465ee728b)  -> (artifact id: '0c859bd9ec33c84b239d3683d1c8b311') in 0.011665 seconds 
========================================================================
Received Import Request.
  Time since last request: 0.000023 seconds.
  path: Packages/com.unity.connect.share/UI/MaterialIcons-Regular.ttf
  artifactKey: Guid(f7f3465ef34b34633aea2c0de2e88bdb) Importer(815301076,1909f56bfc062723c751e8b465ee728b)
Start importing Packages/com.unity.connect.share/UI/MaterialIcons-Regular.ttf using Guid(f7f3465ef34b34633aea2c0de2e88bdb) Importer(815301076,1909f56bfc062723c751e8b465ee728b)  -> (artifact id: 'fb134f978b574cf4127779d341c6ac12') in 0.015692 seconds 
========================================================================
Received Import Request.
  Time since last request: 0.000025 seconds.
  path: Assets/ModAssets/Fonts/DancingScript-Regular SDF.asset
  artifactKey: Guid(7b50419dd5d254755b7929b05d413472) Importer(815301076,1909f56bfc062723c751e8b465ee728b)
Start importing Assets/ModAssets/Fonts/DancingScript-Regular SDF.asset using Guid(7b50419dd5d254755b7929b05d413472) Importer(815301076,1909f56bfc062723c751e8b465ee728b)  -> (artifact id: '9e62096ca68b46c2cccaead42d074e42') in 0.031163 seconds 
========================================================================
Received Import Request.
  Time since last request: 0.000026 seconds.
  path: Packages/com.unity.probuilder/Content/Resources/Materials/FacePickerHDRP.mat
  artifactKey: Guid(a53ef0dd76f2fe74eb5f43267d7c0195) Importer(815301076,1909f56bfc062723c751e8b465ee728b)
Start importing Packages/com.unity.probuilder/Content/Resources/Materials/FacePickerHDRP.mat using Guid(a53ef0dd76f2fe74eb5f43267d7c0195) Importer(815301076,1909f56bfc062723c751e8b465ee728b)  -> (artifact id: '902cccdafc811bc293f31987e5190ec2') in 0.010019 seconds 
========================================================================
Received Import Request.
  Time since last request: 0.000033 seconds.
  path: Assets/FPS/Art/Materials/Level/Floor_DarkGrey_Transparent.mat
  artifactKey: Guid(f05e8e5444cff3449afff7ed27f6415e) Importer(815301076,1909f56bfc062723c751e8b465ee728b)
Start importing Assets/FPS/Art/Materials/Level/Floor_DarkGrey_Transparent.mat using Guid(f05e8e5444cff3449afff7ed27f6415e) Importer(815301076,1909f56bfc062723c751e8b465ee728b)  -> (artifact id: '99c6a2e38952b8326cba0ceee9a03008') in 0.014052 seconds 
========================================================================
Received Import Request.
  Time since last request: 0.000015 seconds.
  path: Assets/ModAssets/Materials/TrailMaterials/LaserTrailMaterial.mat
  artifactKey: Guid(496d4eb29afae4308be4e6a2069959b3) Importer(815301076,1909f56bfc062723c751e8b465ee728b)
Start importing Assets/ModAssets/Materials/TrailMaterials/LaserTrailMaterial.mat using Guid(496d4eb29afae4308be4e6a2069959b3) Importer(815301076,1909f56bfc062723c751e8b465ee728b)  -> (artifact id: 'b2a14d2f09e90a8e142293ecc6e2776a') in 0.009024 seconds 
========================================================================
Received Import Request.
  Time since last request: 0.000025 seconds.
  path: Assets/FPS/Art/Materials/VFX/MuzzleFlash.mat
  artifactKey: Guid(eb52fb0b8eb988248aac01ce3d48f122) Importer(815301076,1909f56bfc062723c751e8b465ee728b)
Start importing Assets/FPS/Art/Materials/VFX/MuzzleFlash.mat using Guid(eb52fb0b8eb988248aac01ce3d48f122) Importer(815301076,1909f56bfc062723c751e8b465ee728b)  -> (artifact id: 'dd7826b32fe36dab5e86904eebb3c37e') in 0.011514 seconds 
========================================================================
Received Import Request.
  Time since last request: 0.000018 seconds.
  path: Assets/ModAssets/Materials/Custom Materials/Basic Red.mat
  artifactKey: Guid(6487fdefd669d4dbc91709a177cd4b93) Importer(815301076,1909f56bfc062723c751e8b465ee728b)
Start importing Assets/ModAssets/Materials/Custom Materials/Basic Red.mat using Guid(6487fdefd669d4dbc91709a177cd4b93) Importer(815301076,1909f56bfc062723c751e8b465ee728b)  -> (artifact id: '702131521d3bd9ae1e7acbd7e07c0d5d') in 0.009456 seconds 
========================================================================
Received Import Request.
  Time since last request: 0.000152 seconds.
  path: Assets/ModAssets/Models/NatureProps/FlowerBush.fbx
  artifactKey: Guid(decf25da566de433cb1a874aa0e6dd00) Importer(815301076,1909f56bfc062723c751e8b465ee728b)
Start importing Assets/ModAssets/Models/NatureProps/FlowerBush.fbx using Guid(decf25da566de433cb1a874aa0e6dd00) Importer(815301076,1909f56bfc062723c751e8b465ee728b)  -> (artifact id: '4c280749e8a03dab5ae8346180caf557') in 0.010447 seconds 
========================================================================
Received Import Request.
  Time since last request: 0.000021 seconds.
  path: Packages/com.unity.searcher/Editor/Resources/FlatSkin/Font/Roboto-BlackItalic.ttf
  artifactKey: Guid(f95147a9bab9fe649b8070170fa7ebd2) Importer(815301076,1909f56bfc062723c751e8b465ee728b)
Start importing Packages/com.unity.searcher/Editor/Resources/FlatSkin/Font/Roboto-BlackItalic.ttf using Guid(f95147a9bab9fe649b8070170fa7ebd2) Importer(815301076,1909f56bfc062723c751e8b465ee728b)  -> (artifact id: '1fed94dead80a64cbc90faa4aaf8f925') in 0.018381 seconds 
========================================================================
Received Import Request.
  Time since last request: 0.000022 seconds.
  path: Assets/ModAssets/Materials/Custom Materials/Basic Green.mat
  artifactKey: Guid(85a5f987437cc4794b97b153a23d7ccb) Importer(815301076,1909f56bfc062723c751e8b465ee728b)
Start importing Assets/ModAssets/Materials/Custom Materials/Basic Green.mat using Guid(85a5f987437cc4794b97b153a23d7ccb) Importer(815301076,1909f56bfc062723c751e8b465ee728b)  -> (artifact id: 'f1e8f6ebe0bfa3313f9f320239c20a20') in 0.010188 seconds 
========================================================================
Received Import Request.
  Time since last request: 0.000023 seconds.
  path: Assets/ModAssets/Materials/Totems/M_StatueWall.mat
  artifactKey: Guid(754ea6a657fbb274b8ce464f04329736) Importer(815301076,1909f56bfc062723c751e8b465ee728b)
Start importing Assets/ModAssets/Materials/Totems/M_StatueWall.mat using Guid(754ea6a657fbb274b8ce464f04329736) Importer(815301076,1909f56bfc062723c751e8b465ee728b)  -> (artifact id: 'f2e0a949cedc6878d46882743eab7911') in 0.010234 seconds 
========================================================================
Received Import Request.
  Time since last request: 0.000051 seconds.
  path: Assets/ModAssets/Models/NatureProps/Cactus.fbx
  artifactKey: Guid(abd8d6df37cf14c4485291b3d13cd460) Importer(815301076,1909f56bfc062723c751e8b465ee728b)
Start importing Assets/ModAssets/Models/NatureProps/Cactus.fbx using Guid(abd8d6df37cf14c4485291b3d13cd460) Importer(815301076,1909f56bfc062723c751e8b465ee728b)  -> (artifact id: 'a9556d91b2f1c0b0a35195965f44138e') in 0.013115 seconds 
========================================================================
Received Import Request.
  Time since last request: 0.000022 seconds.
  path: Assets/ModAssets/Materials/Custom Materials/Basic White.mat
  artifactKey: Guid(80aca137a2109463fb6c86f09a521374) Importer(815301076,1909f56bfc062723c751e8b465ee728b)
Start importing Assets/ModAssets/Materials/Custom Materials/Basic White.mat using Guid(80aca137a2109463fb6c86f09a521374) Importer(815301076,1909f56bfc062723c751e8b465ee728b)  -> (artifact id: '0110c7d392dbe1528f3139ff34abbe82') in 0.015054 seconds 
========================================================================
Received Import Request.
  Time since last request: 0.000023 seconds.
  path: Assets/ModAssets/Models/SpaceProps/Crystal.fbx
  artifactKey: Guid(6b2dfb46096eb400e8d5de95609e53b3) Importer(815301076,1909f56bfc062723c751e8b465ee728b)
Start importing Assets/ModAssets/Models/SpaceProps/Crystal.fbx using Guid(6b2dfb46096eb400e8d5de95609e53b3) Importer(815301076,1909f56bfc062723c751e8b465ee728b)  -> (artifact id: '9d299dd1e9d5ce7b44ca18ba7b3ba18a') in 0.010359 seconds 
========================================================================
Received Import Request.
  Time since last request: 0.000033 seconds.
  path: Assets/FPS/Art/Materials/VFX/FakeShadowBlob.mat
  artifactKey: Guid(700c8e4508ea3b34999c1917db3d4424) Importer(815301076,1909f56bfc062723c751e8b465ee728b)
Start importing Assets/FPS/Art/Materials/VFX/FakeShadowBlob.mat using Guid(700c8e4508ea3b34999c1917db3d4424) Importer(815301076,1909f56bfc062723c751e8b465ee728b)  -> (artifact id: '6e8e6883677f9c5e225044e6c33fa307') in 0.012202 seconds 
========================================================================
Received Import Request.
  Time since last request: 0.000019 seconds.
  path: Packages/com.unity.probuilder/Content/Resources/Materials/InvisibleFace.mat
  artifactKey: Guid(978bbcf5050244f1b95128c04103f628) Importer(815301076,1909f56bfc062723c751e8b465ee728b)
Start importing Packages/com.unity.probuilder/Content/Resources/Materials/InvisibleFace.mat using Guid(978bbcf5050244f1b95128c04103f628) Importer(815301076,1909f56bfc062723c751e8b465ee728b)  -> (artifact id: '7c130613efd7b85e7a3b396444f8e1f0') in 0.010574 seconds 
========================================================================
Received Import Request.
  Time since last request: 0.000022 seconds.
  path: Assets/FPS/Art/Materials/VFX/Lazer_Red.mat
  artifactKey: Guid(530af3a8082ffb14897ac6b74259b8a1) Importer(815301076,1909f56bfc062723c751e8b465ee728b)
Start importing Assets/FPS/Art/Materials/VFX/Lazer_Red.mat using Guid(530af3a8082ffb14897ac6b74259b8a1) Importer(815301076,1909f56bfc062723c751e8b465ee728b)  -> (artifact id: '7576485475ccabe8fc5c7f20fa84ece1') in 0.009558 seconds 
========================================================================
Received Import Request.
  Time since last request: 0.000030 seconds.
  path: Assets/ModAssets/Models/HatMeshes/PartyHatMesh.fbx
  artifactKey: Guid(34a2d77e69c9248c09fea2bd77090468) Importer(815301076,1909f56bfc062723c751e8b465ee728b)
Start importing Assets/ModAssets/Models/HatMeshes/PartyHatMesh.fbx using Guid(34a2d77e69c9248c09fea2bd77090468) Importer(815301076,1909f56bfc062723c751e8b465ee728b)  -> (artifact id: 'feebeae1285c742f91b6d7be67c40879') in 0.011961 seconds 
========================================================================
Received Import Request.
  Time since last request: 0.000023 seconds.
  path: Packages/com.unity.searcher/Editor/Resources/FlatSkin/Font/Roboto-Medium.ttf
  artifactKey: Guid(a51a3aebb43ac044989270407476b208) Importer(815301076,1909f56bfc062723c751e8b465ee728b)
Start importing Packages/com.unity.searcher/Editor/Resources/FlatSkin/Font/Roboto-Medium.ttf using Guid(a51a3aebb43ac044989270407476b208) Importer(815301076,1909f56bfc062723c751e8b465ee728b)  -> (artifact id: '66b405381759c09146acdb1d74ca710b') in 0.019680 seconds 
========================================================================
Received Import Request.
  Time since last request: 0.000020 seconds.
  path: Packages/com.unity.searcher/Editor/Resources/FlatSkin/Font/Roboto-BoldItalic.ttf
  artifactKey: Guid(dfb97a9307a577a41bcacba34b9a7e32) Importer(815301076,1909f56bfc062723c751e8b465ee728b)
Start importing Packages/com.unity.searcher/Editor/Resources/FlatSkin/Font/Roboto-BoldItalic.ttf using Guid(dfb97a9307a577a41bcacba34b9a7e32) Importer(815301076,1909f56bfc062723c751e8b465ee728b)  -> (artifact id: '552ccf065af91db94cd3a77e510ea62b') in 0.012476 seconds 
========================================================================
Received Import Request.
  Time since last request: 0.000024 seconds.
  path: Assets/ModAssets/Materials/BillboardMaterials/Billboard Content.mat
  artifactKey: Guid(ba793090d6ae148e9a8a50996460f4f1) Importer(815301076,1909f56bfc062723c751e8b465ee728b)
Start importing Assets/ModAssets/Materials/BillboardMaterials/Billboard Content.mat using Guid(ba793090d6ae148e9a8a50996460f4f1) Importer(815301076,1909f56bfc062723c751e8b465ee728b)  -> (artifact id: '734cbef5bb9730d56585c63730b46f3f') in 0.010333 seconds 
========================================================================
Received Import Request.
  Time since last request: 0.000031 seconds.
  path: Assets/ModAssets/Materials/Custom Materials/Metal Silver.mat
  artifactKey: Guid(346183a72a1454a878a57ebb8b961c51) Importer(815301076,1909f56bfc062723c751e8b465ee728b)
Start importing Assets/ModAssets/Materials/Custom Materials/Metal Silver.mat using Guid(346183a72a1454a878a57ebb8b961c51) Importer(815301076,1909f56bfc062723c751e8b465ee728b)  -> (artifact id: 'c7374c6c7eb3b4368862e492faec346b') in 0.010623 seconds 
========================================================================
Received Import Request.
  Time since last request: 0.000020 seconds.
  path: Assets/FPS/Art/Materials/VFX/Lazer_Green.mat
  artifactKey: Guid(b4f29d2b8d27495478384372a6e55304) Importer(815301076,1909f56bfc062723c751e8b465ee728b)
Start importing Assets/FPS/Art/Materials/VFX/Lazer_Green.mat using Guid(b4f29d2b8d27495478384372a6e55304) Importer(815301076,1909f56bfc062723c751e8b465ee728b)  -> (artifact id: '9532919f0f48c1150c0f0d58dc07fe17') in 0.010467 seconds 
========================================================================
Received Import Request.
  Time since last request: 0.000025 seconds.
  path: Assets/FPS/Art/Materials/Enemies/HoverBot_Eye.mat
  artifactKey: Guid(e6fdfd4e017234d43ac116abee8fa90a) Importer(815301076,1909f56bfc062723c751e8b465ee728b)
Start importing Assets/FPS/Art/Materials/Enemies/HoverBot_Eye.mat using Guid(e6fdfd4e017234d43ac116abee8fa90a) Importer(815301076,1909f56bfc062723c751e8b465ee728b)  -> (artifact id: 'a96b8371cdc9b1994f7f17003bb429e1') in 0.010055 seconds 
========================================================================
Received Import Request.
  Time since last request: 0.000021 seconds.
  path: Packages/com.unity.probuilder/Content/Resources/Materials/Collider.mat
  artifactKey: Guid(bbb235fff4f48426b863b36058ab66d2) Importer(815301076,1909f56bfc062723c751e8b465ee728b)
Start importing Packages/com.unity.probuilder/Content/Resources/Materials/Collider.mat using Guid(bbb235fff4f48426b863b36058ab66d2) Importer(815301076,1909f56bfc062723c751e8b465ee728b)  -> (artifact id: '7837c1ec1be1aa1bb60b89d92b38d490') in 0.011906 seconds 
========================================================================
Received Import Request.
  Time since last request: 0.000023 seconds.
  path: Assets/ModAssets/Models/FoodProps/Licorice.fbx
  artifactKey: Guid(a6ff71d7327404fa29bb26a648cfe3ff) Importer(815301076,1909f56bfc062723c751e8b465ee728b)
Start importing Assets/ModAssets/Models/FoodProps/Licorice.fbx using Guid(a6ff71d7327404fa29bb26a648cfe3ff) Importer(815301076,1909f56bfc062723c751e8b465ee728b)  -> (artifact id: '6cf32529b6cab2907175c868523df0cc') in 0.010760 seconds 
========================================================================
Received Import Request.
  Time since last request: 0.000031 seconds.
  path: Assets/TextMesh Pro/Resources/Fonts & Materials/LiberationSans SDF - Drop Shadow.mat
  artifactKey: Guid(e73a58f6e2794ae7b1b7e50b7fb811b0) Importer(815301076,1909f56bfc062723c751e8b465ee728b)
Start importing Assets/TextMesh Pro/Resources/Fonts & Materials/LiberationSans SDF - Drop Shadow.mat using Guid(e73a58f6e2794ae7b1b7e50b7fb811b0) Importer(815301076,1909f56bfc062723c751e8b465ee728b)  -> (artifact id: '7f5371162d150b81a58f33f75046a19c') in 0.010048 seconds 
========================================================================
Received Import Request.
  Time since last request: 0.000023 seconds.
  path: Packages/com.unity.searcher/Editor/Resources/FlatSkin/Font/Roboto-Regular.ttf
  artifactKey: Guid(30dc370b164eefc43b95744fc796dad0) Importer(815301076,1909f56bfc062723c751e8b465ee728b)
Start importing Packages/com.unity.searcher/Editor/Resources/FlatSkin/Font/Roboto-Regular.ttf using Guid(30dc370b164eefc43b95744fc796dad0) Importer(815301076,1909f56bfc062723c751e8b465ee728b)  -> (artifact id: '6266ae4fcbea6cd8208e6e4234315151') in 0.018941 seconds 
========================================================================
Received Import Request.
  Time since last request: 0.000032 seconds.
  path: Assets/FPS/Art/Materials/VFX/DiskSpinning.mat
  artifactKey: Guid(968af284edcef924bb56ad46d60123e6) Importer(815301076,1909f56bfc062723c751e8b465ee728b)
Start importing Assets/FPS/Art/Materials/VFX/DiskSpinning.mat using Guid(968af284edcef924bb56ad46d60123e6) Importer(815301076,1909f56bfc062723c751e8b465ee728b)  -> (artifact id: '6bb909eea219d010f66e5494a399206e') in 0.009329 seconds 
========================================================================
Received Import Request.
  Time since last request: 0.000017 seconds.
  path: Assets/ModAssets/Models/FoodProps/Cookie.fbx
  artifactKey: Guid(a8f127f4a0a19407db2b784d5ae1b637) Importer(815301076,1909f56bfc062723c751e8b465ee728b)
Start importing Assets/ModAssets/Models/FoodProps/Cookie.fbx using Guid(a8f127f4a0a19407db2b784d5ae1b637) Importer(815301076,1909f56bfc062723c751e8b465ee728b)  -> (artifact id: '20d2b67cf41d9e6bdf598f8536aa9424') in 0.010188 seconds 
========================================================================
Received Import Request.
  Time since last request: 0.000016 seconds.
  path: Assets/ModAssets/Models/NatureProps/FirTree.fbx
  artifactKey: Guid(5fc0e3d37ec294384aaa0b18e537ff86) Importer(815301076,1909f56bfc062723c751e8b465ee728b)
Start importing Assets/ModAssets/Models/NatureProps/FirTree.fbx using Guid(5fc0e3d37ec294384aaa0b18e537ff86) Importer(815301076,1909f56bfc062723c751e8b465ee728b)  -> (artifact id: '98cfdf665758b796a35572df5d868ebb') in 0.010876 seconds 
========================================================================
Received Import Request.
  Time since last request: 0.000018 seconds.
  path: Assets/FPS/Art/Materials/VFX/M_HealthPickup.mat
  artifactKey: Guid(42997a46d4ce7ac48a673a5ae3d8ae68) Importer(815301076,1909f56bfc062723c751e8b465ee728b)
Start importing Assets/FPS/Art/Materials/VFX/M_HealthPickup.mat using Guid(42997a46d4ce7ac48a673a5ae3d8ae68) Importer(815301076,1909f56bfc062723c751e8b465ee728b)  -> (artifact id: 'a2709aafb87c46e85da0e7f272d99c09') in 0.009772 seconds 
========================================================================
Received Import Request.
  Time since last request: 0.000029 seconds.
  path: Packages/com.unity.searcher/Editor/Resources/FlatSkin/Font/Roboto-Italic.ttf
  artifactKey: Guid(c839255fc8f6b4b4d90bf8c1af9f9bd1) Importer(815301076,1909f56bfc062723c751e8b465ee728b)
Start importing Packages/com.unity.searcher/Editor/Resources/FlatSkin/Font/Roboto-Italic.ttf using Guid(c839255fc8f6b4b4d90bf8c1af9f9bd1) Importer(815301076,1909f56bfc062723c751e8b465ee728b)  -> (artifact id: 'e2f1e2ad2cbd07de5d9b3ce041fb3377') in 0.020201 seconds 
========================================================================
Received Import Request.
  Time since last request: 0.000026 seconds.
  path: Assets/ModAssets/Models/HatMeshes/GlassesMesh.fbx
  artifactKey: Guid(be949c77dc28c459280b4981f6495d99) Importer(815301076,1909f56bfc062723c751e8b465ee728b)
Start importing Assets/ModAssets/Models/HatMeshes/GlassesMesh.fbx using Guid(be949c77dc28c459280b4981f6495d99) Importer(815301076,1909f56bfc062723c751e8b465ee728b)  -> (artifact id: '8c4c7ef15a4ef3f6cc1fc42421453c9f') in 0.011850 seconds 
========================================================================
Received Import Request.
  Time since last request: 0.000027 seconds.
  path: Assets/FPS/Art/Materials/Level/Floor_Grey_Transparent.mat
  artifactKey: Guid(a8a1aa4818fa7e945b782b5b93f3c3f5) Importer(815301076,1909f56bfc062723c751e8b465ee728b)
Start importing Assets/FPS/Art/Materials/Level/Floor_Grey_Transparent.mat using Guid(a8a1aa4818fa7e945b782b5b93f3c3f5) Importer(815301076,1909f56bfc062723c751e8b465ee728b)  -> (artifact id: 'f95367f7eade7f346066d3d2130a2b07') in 0.010977 seconds 
========================================================================
Received Import Request.
  Time since last request: 0.000018 seconds.
  path: Assets/ModAssets/Materials/Custom Materials/Basic Black.mat
  artifactKey: Guid(dc263f8d5174d45c0a98e6489eca16c5) Importer(815301076,1909f56bfc062723c751e8b465ee728b)
Start importing Assets/ModAssets/Materials/Custom Materials/Basic Black.mat using Guid(dc263f8d5174d45c0a98e6489eca16c5) Importer(815301076,1909f56bfc062723c751e8b465ee728b)  -> (artifact id: '146a3142460f136fea29c8e1500e62ad') in 0.019215 seconds 
========================================================================
Received Import Request.
  Time since last request: 0.000023 seconds.
  path: Assets/FPS/Art/Materials/VFX/HealthGlow.mat
  artifactKey: Guid(6967651d58cf5e54db62fcdb44b7b2fb) Importer(815301076,1909f56bfc062723c751e8b465ee728b)
Start importing Assets/FPS/Art/Materials/VFX/HealthGlow.mat using Guid(6967651d58cf5e54db62fcdb44b7b2fb) Importer(815301076,1909f56bfc062723c751e8b465ee728b)  -> (artifact id: '34369cfce5d98521537d4c69da1cb8b9') in 0.011201 seconds 
========================================================================
Received Import Request.
  Time since last request: 0.000025 seconds.
  path: Assets/ModAssets/Materials/Custom Materials/Neon Blue.mat
  artifactKey: Guid(720149e63952b457590122b90ee86b07) Importer(815301076,1909f56bfc062723c751e8b465ee728b)
Start importing Assets/ModAssets/Materials/Custom Materials/Neon Blue.mat using Guid(720149e63952b457590122b90ee86b07) Importer(815301076,1909f56bfc062723c751e8b465ee728b)  -> (artifact id: '95792b31cbaef992581518d27f1dd03e') in 0.013258 seconds 
========================================================================
Received Import Request.
  Time since last request: 2.159005 seconds.
  path: Assets/ModAssets/Models/AncientProps/Obelisk.fbx
  artifactKey: Guid(b5f62aa1f09e3403baa23022a5d9e4b1) Importer(815301076,1909f56bfc062723c751e8b465ee728b)
Start importing Assets/ModAssets/Models/AncientProps/Obelisk.fbx using Guid(b5f62aa1f09e3403baa23022a5d9e4b1) Importer(815301076,1909f56bfc062723c751e8b465ee728b)  -> (artifact id: '2111b811ef41205f4adf0d270c88e5c9') in 0.047958 seconds 
========================================================================
Received Import Request.
  Time since last request: 0.000022 seconds.
  path: Assets/ModAssets/Materials/TrailMaterials/RainbowTrailMaterial.mat
  artifactKey: Guid(711224fcf6d6c40faafe946b2f78b361) Importer(815301076,1909f56bfc062723c751e8b465ee728b)
Start importing Assets/ModAssets/Materials/TrailMaterials/RainbowTrailMaterial.mat using Guid(711224fcf6d6c40faafe946b2f78b361) Importer(815301076,1909f56bfc062723c751e8b465ee728b)  -> (artifact id: 'c1606424ed8a84c32099885f1ab3e88b') in 0.011780 seconds 
========================================================================
Received Import Request.
  Time since last request: 0.000026 seconds.
  path: Packages/com.unity.render-pipelines.universal/Runtime/Materials/SpatialMappingOcclusion.mat
  artifactKey: Guid(b51db210fe78df745a372851b3db949e) Importer(815301076,1909f56bfc062723c751e8b465ee728b)
Start importing Packages/com.unity.render-pipelines.universal/Runtime/Materials/SpatialMappingOcclusion.mat using Guid(b51db210fe78df745a372851b3db949e) Importer(815301076,1909f56bfc062723c751e8b465ee728b)  -> (artifact id: '47ab41bd38162733044d4612fb5b17ba') in 0.010271 seconds 
========================================================================
Received Import Request.
  Time since last request: 0.000020 seconds.
  path: Assets/ModAssets/Fonts/Orbitron-Regular SDF.asset
  artifactKey: Guid(d393f12bd75574ef991a7a2c74b29c69) Importer(815301076,1909f56bfc062723c751e8b465ee728b)
Start importing Assets/ModAssets/Fonts/Orbitron-Regular SDF.asset using Guid(d393f12bd75574ef991a7a2c74b29c69) Importer(815301076,1909f56bfc062723c751e8b465ee728b)  -> (artifact id: 'b4a27c33268c5c9ff769f8341f91d054') in 0.016526 seconds 
========================================================================
Received Import Request.
  Time since last request: 0.000023 seconds.
  path: Assets/FPS/Art/Fonts/Roboto-Black SDF.asset
  artifactKey: Guid(75063828274bdb145a55f6dd2f22e8b2) Importer(815301076,1909f56bfc062723c751e8b465ee728b)
Start importing Assets/FPS/Art/Fonts/Roboto-Black SDF.asset using Guid(75063828274bdb145a55f6dd2f22e8b2) Importer(815301076,1909f56bfc062723c751e8b465ee728b)  -> (artifact id: '9b6ca7da98896a3939d69d8f28ff1376') in 0.014027 seconds 
========================================================================
Received Import Request.
  Time since last request: 0.000022 seconds.
  path: Assets/FPS/Art/Materials/Level/Sign_Green.mat
  artifactKey: Guid(807df0a3bd5fb484687907be1b8246c0) Importer(815301076,1909f56bfc062723c751e8b465ee728b)
Start importing Assets/FPS/Art/Materials/Level/Sign_Green.mat using Guid(807df0a3bd5fb484687907be1b8246c0) Importer(815301076,1909f56bfc062723c751e8b465ee728b)  -> (artifact id: 'ae2e3ae534d57da2c58b4554aadeaf31') in 0.008559 seconds 
========================================================================
Received Import Request.
  Time since last request: 0.000020 seconds.
  path: Assets/ModAssets/Models/SpaceProps/Rocket.fbx
  artifactKey: Guid(b698994a5dd674ee3997e51d3474a09f) Importer(815301076,1909f56bfc062723c751e8b465ee728b)
Start importing Assets/ModAssets/Models/SpaceProps/Rocket.fbx using Guid(b698994a5dd674ee3997e51d3474a09f) Importer(815301076,1909f56bfc062723c751e8b465ee728b)  -> (artifact id: '4e9aecbcc70da70a5775e108cd601a35') in 0.009688 seconds 
========================================================================
Received Import Request.
  Time since last request: 0.000018 seconds.
  path: Packages/com.unity.render-pipelines.universal/Runtime/Materials/ParticlesUnlit.mat
  artifactKey: Guid(e823cd5b5d27c0f4b8256e7c12ee3e6d) Importer(815301076,1909f56bfc062723c751e8b465ee728b)
Start importing Packages/com.unity.render-pipelines.universal/Runtime/Materials/ParticlesUnlit.mat using Guid(e823cd5b5d27c0f4b8256e7c12ee3e6d) Importer(815301076,1909f56bfc062723c751e8b465ee728b)  -> (artifact id: 'd5a2e4d1b71dbf85cc327320954fcfcb') in 0.009517 seconds 
========================================================================
Received Import Request.
  Time since last request: 0.000016 seconds.
  path: Assets/FPS/Prefabs/RootObjects/OBJRamp_3m.obj
  artifactKey: Guid(becd2f1944aa3ad469bf5b7846ef665b) Importer(815301076,1909f56bfc062723c751e8b465ee728b)
Start importing Assets/FPS/Prefabs/RootObjects/OBJRamp_3m.obj using Guid(becd2f1944aa3ad469bf5b7846ef665b) Importer(815301076,1909f56bfc062723c751e8b465ee728b)  -> (artifact id: '035441a61c0a9f7cf996cea1468e0859') in 0.010923 seconds 
========================================================================
Received Import Request.
  Time since last request: 0.000013 seconds.
  path: Packages/com.unity.render-pipelines.universal/Runtime/Materials/SpriteMask-Default.mat
  artifactKey: Guid(15d0c3709176029428a0da2f8cecf0b5) Importer(815301076,1909f56bfc062723c751e8b465ee728b)
Start importing Packages/com.unity.render-pipelines.universal/Runtime/Materials/SpriteMask-Default.mat using Guid(15d0c3709176029428a0da2f8cecf0b5) Importer(815301076,1909f56bfc062723c751e8b465ee728b)  -> (artifact id: '391e03e1b1e47c05d050447bba4fba66') in 0.007350 seconds 
========================================================================
Received Import Request.
  Time since last request: 0.000021 seconds.
  path: Packages/com.unity.probuilder/Content/Resources/Materials/StandardVertexColorHDRP.mat
  artifactKey: Guid(c35693c079f3840f7938a4a323096e84) Importer(815301076,1909f56bfc062723c751e8b465ee728b)
Start importing Packages/com.unity.probuilder/Content/Resources/Materials/StandardVertexColorHDRP.mat using Guid(c35693c079f3840f7938a4a323096e84) Importer(815301076,1909f56bfc062723c751e8b465ee728b)  -> (artifact id: 'a4e469c8b42452c9a167797de6ac34b1') in 0.008846 seconds 
========================================================================
Received Import Request.
  Time since last request: 0.000023 seconds.
  path: Assets/FPS/Art/Materials/VFX/ProjectileTrail.mat
  artifactKey: Guid(97a1887a7cfda624fb3c2b8aa7e32973) Importer(815301076,1909f56bfc062723c751e8b465ee728b)
Start importing Assets/FPS/Art/Materials/VFX/ProjectileTrail.mat using Guid(97a1887a7cfda624fb3c2b8aa7e32973) Importer(815301076,1909f56bfc062723c751e8b465ee728b)  -> (artifact id: 'ef42f530da3496438e3da1aab0718412') in 0.008966 seconds 
========================================================================
Received Import Request.
  Time since last request: 0.000027 seconds.
  path: Assets/ModAssets/Fonts/PressStart2P-Regular SDF.asset
  artifactKey: Guid(88003508be39e449cb51c48494e680cf) Importer(815301076,1909f56bfc062723c751e8b465ee728b)
Start importing Assets/ModAssets/Fonts/PressStart2P-Regular SDF.asset using Guid(88003508be39e449cb51c48494e680cf) Importer(815301076,1909f56bfc062723c751e8b465ee728b)  -> (artifact id: 'cf1bea9b69930284d4846bd9760f27c4') in 0.015504 seconds 
========================================================================
Received Import Request.
  Time since last request: 0.000017 seconds.
  path: Packages/com.unity.probuilder/Content/Resources/Materials/ProBuilderDefault.mat
  artifactKey: Guid(c22777d6e868e4f2fb421913386b154e) Importer(815301076,1909f56bfc062723c751e8b465ee728b)
Start importing Packages/com.unity.probuilder/Content/Resources/Materials/ProBuilderDefault.mat using Guid(c22777d6e868e4f2fb421913386b154e) Importer(815301076,1909f56bfc062723c751e8b465ee728b)  -> (artifact id: '46f4e344cfc8f12b43689252631dd236') in 0.009622 seconds 
========================================================================
Received Import Request.
  Time since last request: 0.000020 seconds.
  path: Packages/com.unity.render-pipelines.universal/Runtime/Materials/SimpleLit.mat
  artifactKey: Guid(6a1143ee683302f4aa628c052723efc1) Importer(815301076,1909f56bfc062723c751e8b465ee728b)
Start importing Packages/com.unity.render-pipelines.universal/Runtime/Materials/SimpleLit.mat using Guid(6a1143ee683302f4aa628c052723efc1) Importer(815301076,1909f56bfc062723c751e8b465ee728b)  -> (artifact id: '38c20e4cbca76d542bc8053160c6065d') in 0.008668 seconds 
========================================================================
Received Import Request.
  Time since last request: 0.000016 seconds.
  path: Assets/FPS/Art/Materials/VFX/Sun.mat
  artifactKey: Guid(8da422a2fd1750842899fc4b5d7f9161) Importer(815301076,1909f56bfc062723c751e8b465ee728b)
Start importing Assets/FPS/Art/Materials/VFX/Sun.mat using Guid(8da422a2fd1750842899fc4b5d7f9161) Importer(815301076,1909f56bfc062723c751e8b465ee728b)  -> (artifact id: '8a74dcf199741225656022df8f34b7eb') in 0.015741 seconds 
========================================================================
Received Import Request.
  Time since last request: 0.000030 seconds.
  path: Assets/FPS/Art/Materials/Level/Sign_Orange.mat
  artifactKey: Guid(1151f4057e77ab5429143caedba0a672) Importer(815301076,1909f56bfc062723c751e8b465ee728b)
Start importing Assets/FPS/Art/Materials/Level/Sign_Orange.mat using Guid(1151f4057e77ab5429143caedba0a672) Importer(815301076,1909f56bfc062723c751e8b465ee728b)  -> (artifact id: '40946ddd1641821a1d3d617228de4711') in 0.008857 seconds 
========================================================================
Received Import Request.
  Time since last request: 0.000027 seconds.
  path: Packages/com.unity.render-pipelines.universal/Runtime/Materials/Sprite-Lit-Default.mat
  artifactKey: Guid(a97c105638bdf8b4a8650670310a4cd3) Importer(815301076,1909f56bfc062723c751e8b465ee728b)
Start importing Packages/com.unity.render-pipelines.universal/Runtime/Materials/Sprite-Lit-Default.mat using Guid(a97c105638bdf8b4a8650670310a4cd3) Importer(815301076,1909f56bfc062723c751e8b465ee728b)  -> (artifact id: 'c3d7ac390348535cd555de4710d4c86c') in 0.009071 seconds 
========================================================================
Received Import Request.
  Time since last request: 0.000025 seconds.
  path: Assets/FPS/Art/Materials/VFX/Spark.mat
  artifactKey: Guid(93c163e6f58fe2242964723bdb6ff7ef) Importer(815301076,1909f56bfc062723c751e8b465ee728b)
Start importing Assets/FPS/Art/Materials/VFX/Spark.mat using Guid(93c163e6f58fe2242964723bdb6ff7ef) Importer(815301076,1909f56bfc062723c751e8b465ee728b)  -> (artifact id: '5997f0321c183f7bd2802586f639eba8') in 0.009220 seconds 
========================================================================
Received Import Request.
  Time since last request: 0.000019 seconds.
  path: Assets/ModAssets/Fonts/Raleway-Regular SDF.asset
  artifactKey: Guid(2abf75d6e0d8a4aa6910fae6ee5d638b) Importer(815301076,1909f56bfc062723c751e8b465ee728b)
Start importing Assets/ModAssets/Fonts/Raleway-Regular SDF.asset using Guid(2abf75d6e0d8a4aa6910fae6ee5d638b) Importer(815301076,1909f56bfc062723c751e8b465ee728b)  -> (artifact id: '1ef2bc60af2771a0b5c2b01e7d2d15c4') in 0.016838 seconds 
========================================================================
Received Import Request.
  Time since last request: 0.000016 seconds.
  path: Assets/ModAssets/Materials/HatMaterials/PartyHatMaterial.mat
  artifactKey: Guid(bdf0bf742eef44db49906f57d30ad905) Importer(815301076,1909f56bfc062723c751e8b465ee728b)
Start importing Assets/ModAssets/Materials/HatMaterials/PartyHatMaterial.mat using Guid(bdf0bf742eef44db49906f57d30ad905) Importer(815301076,1909f56bfc062723c751e8b465ee728b)  -> (artifact id: '3329a5625cb1b509c5819c9862aea6e2') in 0.008255 seconds 
========================================================================
Received Import Request.
  Time since last request: 0.000016 seconds.
  path: Packages/com.unity.probuilder/Content/Resources/Materials/StandardVertexColorLWRP.mat
  artifactKey: Guid(077a003b1de1e4c35923be7a21b5d948) Importer(815301076,1909f56bfc062723c751e8b465ee728b)
Start importing Packages/com.unity.probuilder/Content/Resources/Materials/StandardVertexColorLWRP.mat using Guid(077a003b1de1e4c35923be7a21b5d948) Importer(815301076,1909f56bfc062723c751e8b465ee728b)  -> (artifact id: 'fdae2d7b9dccb6591c972fc604b02c35') in 0.008632 seconds 
========================================================================
Received Import Request.
  Time since last request: 0.000019 seconds.
  path: Assets/ModAssets/Materials/TrailMaterials/SubtleTrailMaterial.mat
  artifactKey: Guid(bb6ceb127383a4152a4041c9babd6912) Importer(815301076,1909f56bfc062723c751e8b465ee728b)
Start importing Assets/ModAssets/Materials/TrailMaterials/SubtleTrailMaterial.mat using Guid(bb6ceb127383a4152a4041c9babd6912) Importer(815301076,1909f56bfc062723c751e8b465ee728b)  -> (artifact id: 'b50110d36f5aec45d29500afdfaea9be') in 0.009526 seconds 
========================================================================
Received Import Request.
  Time since last request: 0.000024 seconds.
  path: Assets/FPS/Art/Materials/VFX/ShrapnelTriangle.mat
  artifactKey: Guid(01da79e0e5f33824fa9d48c9577b241b) Importer(815301076,1909f56bfc062723c751e8b465ee728b)
Start importing Assets/FPS/Art/Materials/VFX/ShrapnelTriangle.mat using Guid(01da79e0e5f33824fa9d48c9577b241b) Importer(815301076,1909f56bfc062723c751e8b465ee728b)  -> (artifact id: 'de23f0d0aef3ed81ca846073da82d747') in 0.008913 seconds 
========================================================================
Received Import Request.
  Time since last request: 20.738220 seconds.
  path: Assets/ModAssets/Textures/billboard_2D_basic_mask.png
  artifactKey: Guid(ddff50e8139db4a99976adb5f40c79f0) Importer(815301076,1909f56bfc062723c751e8b465ee728b)
Start importing Assets/ModAssets/Textures/billboard_2D_basic_mask.png using Guid(ddff50e8139db4a99976adb5f40c79f0) Importer(815301076,1909f56bfc062723c751e8b465ee728b)  -> (artifact id: 'af9e4a90cfb049c8c3afb13b6d9bb7a9') in 0.075727 seconds 
========================================================================
Received Import Request.
  Time since last request: 0.000024 seconds.
  path: Assets/ModAssets/Textures/billboard_2D_wide_mask.png
  artifactKey: Guid(d88311d2ea92740ed9e0274f02825ccf) Importer(815301076,1909f56bfc062723c751e8b465ee728b)
Start importing Assets/ModAssets/Textures/billboard_2D_wide_mask.png using Guid(d88311d2ea92740ed9e0274f02825ccf) Importer(815301076,1909f56bfc062723c751e8b465ee728b)  -> (artifact id: '1771105bc91ee1a84f4ab9508841ff15') in 0.015305 seconds 
========================================================================
Received Import Request.
  Time since last request: 44.765528 seconds.
  path: Assets/FPS/Art/Materials/Level/Wall_Grey.mat
  artifactKey: Guid(4b8bcc445bbcd7d488ce7436dc1af951) Importer(815301076,1909f56bfc062723c751e8b465ee728b)
Start importing Assets/FPS/Art/Materials/Level/Wall_Grey.mat using Guid(4b8bcc445bbcd7d488ce7436dc1af951) Importer(815301076,1909f56bfc062723c751e8b465ee728b)  -> (artifact id: '6e03c43e5dfde4492a26a1adae73d1b3') in 0.010977 seconds 
========================================================================
Received Import Request.
  Time since last request: 11.966765 seconds.
  path: Assets/FPS/Art/Materials/Enemies/Turret_Eye.mat
  artifactKey: Guid(778fbfe9a7e4a96418b9312dbfc4d67c) Importer(815301076,1909f56bfc062723c751e8b465ee728b)
Start importing Assets/FPS/Art/Materials/Enemies/Turret_Eye.mat using Guid(778fbfe9a7e4a96418b9312dbfc4d67c) Importer(815301076,1909f56bfc062723c751e8b465ee728b)  -> (artifact id: 'd3589d409bf9cba2d984745e8ad87ba4') in 0.010185 seconds 
========================================================================
Received Import Request.
  Time since last request: 167.113819 seconds.
  path: Assets/AddOns/Mg3D_Food/Cheese.fbx
  artifactKey: Guid(47365cc78e5cfad41badc534e3d2b7e1) Importer(815301076,1909f56bfc062723c751e8b465ee728b)
Start importing Assets/AddOns/Mg3D_Food/Cheese.fbx using Guid(47365cc78e5cfad41badc534e3d2b7e1) Importer(815301076,1909f56bfc062723c751e8b465ee728b)  -> (artifact id: '8dfe81be0e9ee1b7cbd19e7a06f0b782') in 0.009625 seconds 
========================================================================
Received Import Request.
  Time since last request: 0.005046 seconds.
  path: Assets/AddOns/Mg3D_Food/Watermelon.fbx
  artifactKey: Guid(7977e423937da9b48aac1866c67bb5be) Importer(815301076,1909f56bfc062723c751e8b465ee728b)
Start importing Assets/AddOns/Mg3D_Food/Watermelon.fbx using Guid(7977e423937da9b48aac1866c67bb5be) Importer(815301076,1909f56bfc062723c751e8b465ee728b)  -> (artifact id: 'e53b375b9e4596744596ec3287857394') in 0.011390 seconds 
========================================================================
Received Import Request.
  Time since last request: 0.000024 seconds.
  path: Assets/AddOns/Mg3D_Food/Hamburger.fbx
  artifactKey: Guid(54b107e50acd7e24b96d7de887c68833) Importer(815301076,1909f56bfc062723c751e8b465ee728b)
Start importing Assets/AddOns/Mg3D_Food/Hamburger.fbx using Guid(54b107e50acd7e24b96d7de887c68833) Importer(815301076,1909f56bfc062723c751e8b465ee728b)  -> (artifact id: 'b1b47316e4983b6d0f685799c8c574c4') in 0.012639 seconds 
========================================================================
Received Import Request.
  Time since last request: 0.000027 seconds.
  path: Assets/AddOns/Mg3D_Food/Hotdog.fbx
  artifactKey: Guid(fdc7d8dffa381b54cb7740b8761d54c0) Importer(815301076,1909f56bfc062723c751e8b465ee728b)
Start importing Assets/AddOns/Mg3D_Food/Hotdog.fbx using Guid(fdc7d8dffa381b54cb7740b8761d54c0) Importer(815301076,1909f56bfc062723c751e8b465ee728b)  -> (artifact id: 'bc6a365573888e23e3c2edde627c54df') in 0.011215 seconds 
Editor requested this worker to shutdown with reason: Scaling down because of idle timeout
AssetImportWorker is now disconnected from the server
Process exiting
Exiting without the bug reporter. Application will terminate with return code 0